2018-04-27 19:28:21.233  INFO 800 --- [main] com.homefood.HomefoodApplication         : Starting HomefoodApplication on Ashwals-MacBook-Pro.local with PID 800 (/Users/ashwaldixit/Documents/Ashwal/Projects/homefood/homefood/target/classes started by ashwaldixit in /Users/ashwaldixit/Documents/Ashwal/Projects/homefood/homefood)
2018-04-27 19:28:21.239  INFO 800 --- [main] com.homefood.HomefoodApplication         : No active profile set, falling back to default profiles: default
2018-04-27 19:28:21.283  INFO 800 --- [main] ConfigServletWebServerApplicationContext : Refreshing org.springframework.boot.web.servlet.context.AnnotationConfigServletWebServerApplicationContext@7c3fdb62: startup date [Fri Apr 27 19:28:21 IST 2018]; root of context hierarchy
2018-04-27 19:28:21.982  INFO 800 --- [main] f.a.AutowiredAnnotationBeanPostProcessor : JSR-330 'javax.inject.Inject' annotation found and supported for autowiring
2018-04-27 19:28:22.330  INFO 800 --- [main] o.s.b.w.embedded.tomcat.TomcatWebServer  : Tomcat initialized with port(s): 8080 (http)
2018-04-27 19:28:22.350  INFO 800 --- [main] o.apache.catalina.core.StandardService   : Starting service [Tomcat]
2018-04-27 19:28:22.350  INFO 800 --- [main] org.apache.catalina.core.StandardEngine  : Starting Servlet Engine: Apache Tomcat/8.5.29
2018-04-27 19:28:22.354  INFO 800 --- [localhost-startStop-1] o.a.catalina.core.AprLifecycleListener   : The APR based Apache Tomcat Native library which allows optimal performance in production environments was not found on the java.library.path: [/Users/ashwaldixit/Library/Java/Extensions:/Library/Java/Extensions:/Network/Library/Java/Extensions:/System/Library/Java/Extensions:/usr/lib/java:.]
2018-04-27 19:28:22.435  INFO 800 --- [localhost-startStop-1] o.a.c.c.C.[Tomcat].[localhost].[/]       : Initializing Spring embedded WebApplicationContext
2018-04-27 19:28:22.436  INFO 800 --- [localhost-startStop-1] o.s.web.context.ContextLoader            : Root WebApplicationContext: initialization completed in 1153 ms
2018-04-27 19:28:22.480  INFO 800 --- [localhost-startStop-1] o.s.b.w.servlet.FilterRegistrationBean   : Mapping filter: 'characterEncodingFilter' to: [/*]
2018-04-27 19:28:22.637  INFO 800 --- [main] com.zaxxer.hikari.HikariDataSource       : HikariPool-1 - Starting...
2018-04-27 19:28:22.716  INFO 800 --- [main] com.zaxxer.hikari.HikariDataSource       : HikariPool-1 - Start completed.
2018-04-27 19:28:22.763  INFO 800 --- [main] j.LocalContainerEntityManagerFactoryBean : Building JPA container EntityManagerFactory for persistence unit 'default'
2018-04-27 19:28:22.777  INFO 800 --- [main] o.hibernate.jpa.internal.util.LogHelper  : HHH000204: Processing PersistenceUnitInfo [
	name: default
	...]
2018-04-27 19:28:22.874  INFO 800 --- [main] org.hibernate.Version                    : HHH000412: Hibernate Core {5.2.16.Final}
2018-04-27 19:28:22.876  INFO 800 --- [main] org.hibernate.cfg.Environment            : HHH000206: hibernate.properties not found
2018-04-27 19:28:22.920  INFO 800 --- [main] o.hibernate.annotations.common.Version   : HCANN000001: Hibernate Commons Annotations {5.0.1.Final}
2018-04-27 19:28:23.085  INFO 800 --- [main] org.hibernate.dialect.Dialect            : HHH000400: Using dialect: org.hibernate.dialect.PostgreSQL92Dialect
2018-04-27 19:28:23.100  INFO 800 --- [main] o.h.e.j.e.i.LobCreatorBuilderImpl        : HHH000422: Disabling contextual LOB creation as connection was null
2018-04-27 19:28:23.102  INFO 800 --- [main] org.hibernate.type.BasicTypeRegistry     : HHH000270: Type registration [java.util.UUID] overrides previous : org.hibernate.type.UUIDBinaryType@39ee94de
2018-04-27 19:28:23.617  WARN 800 --- [main] o.h.engine.jdbc.spi.SqlExceptionHelper   : SQL Warning Code: 0, SQLState: 00000
2018-04-27 19:28:23.617  WARN 800 --- [main] o.h.engine.jdbc.spi.SqlExceptionHelper   : relation "category_product" does not exist, skipping
2018-04-27 19:28:23.618  WARN 800 --- [main] o.h.engine.jdbc.spi.SqlExceptionHelper   : SQL Warning Code: 0, SQLState: 00000
2018-04-27 19:28:23.618  WARN 800 --- [main] o.h.engine.jdbc.spi.SqlExceptionHelper   : relation "category_product" does not exist, skipping
2018-04-27 19:28:23.619  WARN 800 --- [main] o.h.engine.jdbc.spi.SqlExceptionHelper   : SQL Warning Code: 0, SQLState: 00000
2018-04-27 19:28:23.619  WARN 800 --- [main] o.h.engine.jdbc.spi.SqlExceptionHelper   : table "category" does not exist, skipping
2018-04-27 19:28:23.619  WARN 800 --- [main] o.h.engine.jdbc.spi.SqlExceptionHelper   : SQL Warning Code: 0, SQLState: 00000
2018-04-27 19:28:23.620  WARN 800 --- [main] o.h.engine.jdbc.spi.SqlExceptionHelper   : table "category_product" does not exist, skipping
2018-04-27 19:28:23.620  WARN 800 --- [main] o.h.engine.jdbc.spi.SqlExceptionHelper   : SQL Warning Code: 0, SQLState: 00000
2018-04-27 19:28:23.620  WARN 800 --- [main] o.h.engine.jdbc.spi.SqlExceptionHelper   : table "product" does not exist, skipping
2018-04-27 19:28:23.621  WARN 800 --- [main] o.h.engine.jdbc.spi.SqlExceptionHelper   : SQL Warning Code: 0, SQLState: 00000
2018-04-27 19:28:23.621  WARN 800 --- [main] o.h.engine.jdbc.spi.SqlExceptionHelper   : sequence "hibernate_sequence" does not exist, skipping
2018-04-27 19:28:23.688  INFO 800 --- [main] o.h.t.schema.internal.SchemaCreatorImpl  : HHH000476: Executing import script 'org.hibernate.tool.schema.internal.exec.ScriptSourceInputNonExistentImpl@b06d46d'
2018-04-27 19:28:23.692  INFO 800 --- [main] j.LocalContainerEntityManagerFactoryBean : Initialized JPA EntityManagerFactory for persistence unit 'default'
2018-04-27 19:28:24.324  INFO 800 --- [main] o.s.j.e.a.AnnotationMBeanExporter        : Registering beans for JMX exposure on startup
2018-04-27 19:28:24.326  INFO 800 --- [main] o.s.j.e.a.AnnotationMBeanExporter        : Bean with name 'dataSource' has been autodetected for JMX exposure
2018-04-27 19:28:24.331  INFO 800 --- [main] o.s.j.e.a.AnnotationMBeanExporter        : Located MBean 'dataSource': registering with JMX server as MBean [com.zaxxer.hikari:name=dataSource,type=HikariDataSource]
2018-04-27 19:28:24.379  INFO 800 --- [main] o.s.b.w.embedded.tomcat.TomcatWebServer  : Tomcat started on port(s): 8080 (http) with context path ''
2018-04-27 19:28:24.382  INFO 800 --- [main] com.homefood.HomefoodApplication         : Started HomefoodApplication in 3.482 seconds (JVM running for 4.34)
2018-04-27 19:32:24.742  INFO 830 --- [main] com.homefood.HomefoodApplication         : Starting HomefoodApplication on Ashwals-MacBook-Pro.local with PID 830 (/Users/ashwaldixit/Documents/Ashwal/Projects/homefood/homefood/target/classes started by ashwaldixit in /Users/ashwaldixit/Documents/Ashwal/Projects/homefood/homefood)
2018-04-27 19:32:24.746  INFO 830 --- [main] com.homefood.HomefoodApplication         : No active profile set, falling back to default profiles: default
2018-04-27 19:32:24.778  INFO 830 --- [main] ConfigServletWebServerApplicationContext : Refreshing org.springframework.boot.web.servlet.context.AnnotationConfigServletWebServerApplicationContext@cd1e646: startup date [Fri Apr 27 19:32:24 IST 2018]; root of context hierarchy
2018-04-27 19:32:25.388  INFO 830 --- [main] f.a.AutowiredAnnotationBeanPostProcessor : JSR-330 'javax.inject.Inject' annotation found and supported for autowiring
2018-04-27 19:32:25.680  INFO 830 --- [main] o.s.b.w.embedded.tomcat.TomcatWebServer  : Tomcat initialized with port(s): 8080 (http)
2018-04-27 19:32:25.697  INFO 830 --- [main] o.apache.catalina.core.StandardService   : Starting service [Tomcat]
2018-04-27 19:32:25.697  INFO 830 --- [main] org.apache.catalina.core.StandardEngine  : Starting Servlet Engine: Apache Tomcat/8.5.29
2018-04-27 19:32:25.702  INFO 830 --- [localhost-startStop-1] o.a.catalina.core.AprLifecycleListener   : The APR based Apache Tomcat Native library which allows optimal performance in production environments was not found on the java.library.path: [/Users/ashwaldixit/Library/Java/Extensions:/Library/Java/Extensions:/Network/Library/Java/Extensions:/System/Library/Java/Extensions:/usr/lib/java:.]
2018-04-27 19:32:25.767  INFO 830 --- [localhost-startStop-1] o.a.c.c.C.[Tomcat].[localhost].[/]       : Initializing Spring embedded WebApplicationContext
2018-04-27 19:32:25.768  INFO 830 --- [localhost-startStop-1] o.s.web.context.ContextLoader            : Root WebApplicationContext: initialization completed in 990 ms
2018-04-27 19:32:25.807  INFO 830 --- [localhost-startStop-1] o.s.b.w.servlet.FilterRegistrationBean   : Mapping filter: 'characterEncodingFilter' to: [/*]
2018-04-27 19:32:25.937  INFO 830 --- [main] com.zaxxer.hikari.HikariDataSource       : HikariPool-1 - Starting...
2018-04-27 19:32:25.997  INFO 830 --- [main] com.zaxxer.hikari.HikariDataSource       : HikariPool-1 - Start completed.
2018-04-27 19:32:26.040  INFO 830 --- [main] j.LocalContainerEntityManagerFactoryBean : Building JPA container EntityManagerFactory for persistence unit 'default'
2018-04-27 19:32:26.050  INFO 830 --- [main] o.hibernate.jpa.internal.util.LogHelper  : HHH000204: Processing PersistenceUnitInfo [
	name: default
	...]
2018-04-27 19:32:26.131  INFO 830 --- [main] org.hibernate.Version                    : HHH000412: Hibernate Core {5.2.16.Final}
2018-04-27 19:32:26.133  INFO 830 --- [main] org.hibernate.cfg.Environment            : HHH000206: hibernate.properties not found
2018-04-27 19:32:26.164  INFO 830 --- [main] o.hibernate.annotations.common.Version   : HCANN000001: Hibernate Commons Annotations {5.0.1.Final}
2018-04-27 19:32:26.295  INFO 830 --- [main] org.hibernate.dialect.Dialect            : HHH000400: Using dialect: org.hibernate.dialect.PostgreSQL92Dialect
2018-04-27 19:32:26.308  INFO 830 --- [main] o.h.e.j.e.i.LobCreatorBuilderImpl        : HHH000422: Disabling contextual LOB creation as connection was null
2018-04-27 19:32:26.309  INFO 830 --- [main] org.hibernate.type.BasicTypeRegistry     : HHH000270: Type registration [java.util.UUID] overrides previous : org.hibernate.type.UUIDBinaryType@7dffda8b
2018-04-27 19:32:26.711  INFO 830 --- [main] o.h.t.schema.internal.SchemaCreatorImpl  : HHH000476: Executing import script 'org.hibernate.tool.schema.internal.exec.ScriptSourceInputNonExistentImpl@3af2f846'
2018-04-27 19:32:26.714  INFO 830 --- [main] j.LocalContainerEntityManagerFactoryBean : Initialized JPA EntityManagerFactory for persistence unit 'default'
2018-04-27 19:32:27.270  INFO 830 --- [main] o.s.j.e.a.AnnotationMBeanExporter        : Registering beans for JMX exposure on startup
2018-04-27 19:32:27.271  INFO 830 --- [main] o.s.j.e.a.AnnotationMBeanExporter        : Bean with name 'dataSource' has been autodetected for JMX exposure
2018-04-27 19:32:27.275  INFO 830 --- [main] o.s.j.e.a.AnnotationMBeanExporter        : Located MBean 'dataSource': registering with JMX server as MBean [com.zaxxer.hikari:name=dataSource,type=HikariDataSource]
2018-04-27 19:32:27.313  INFO 830 --- [main] o.s.b.w.embedded.tomcat.TomcatWebServer  : Tomcat started on port(s): 8080 (http) with context path ''
2018-04-27 19:32:27.318  INFO 830 --- [main] com.homefood.HomefoodApplication         : Started HomefoodApplication in 2.833 seconds (JVM running for 3.298)
2018-04-27 19:35:47.781  INFO 830 --- [RMI TCP Connection(2)-127.0.0.1] inMXBeanRegistrar$SpringApplicationAdmin : Application shutdown requested.
2018-04-27 19:35:47.781  INFO 830 --- [RMI TCP Connection(2)-127.0.0.1] ConfigServletWebServerApplicationContext : Closing org.springframework.boot.web.servlet.context.AnnotationConfigServletWebServerApplicationContext@cd1e646: startup date [Fri Apr 27 19:32:24 IST 2018]; root of context hierarchy
2018-04-27 19:35:47.783  INFO 830 --- [RMI TCP Connection(2)-127.0.0.1] o.s.j.e.a.AnnotationMBeanExporter        : Unregistering JMX-exposed beans on shutdown
2018-04-27 19:35:47.784  INFO 830 --- [RMI TCP Connection(2)-127.0.0.1] o.s.j.e.a.AnnotationMBeanExporter        : Unregistering JMX-exposed beans
2018-04-27 19:35:47.784  INFO 830 --- [RMI TCP Connection(2)-127.0.0.1] j.LocalContainerEntityManagerFactoryBean : Closing JPA EntityManagerFactory for persistence unit 'default'
2018-04-27 19:35:47.785  INFO 830 --- [RMI TCP Connection(2)-127.0.0.1] .SchemaDropperImpl$DelayedDropActionImpl : HHH000477: Starting delayed drop of schema as part of SessionFactory shut-down'
2018-04-27 19:35:47.810  INFO 830 --- [RMI TCP Connection(2)-127.0.0.1] com.zaxxer.hikari.HikariDataSource       : HikariPool-1 - Shutdown initiated...
2018-04-27 19:35:47.813  INFO 830 --- [RMI TCP Connection(2)-127.0.0.1] com.zaxxer.hikari.HikariDataSource       : HikariPool-1 - Shutdown completed.
